Change Component Footprint: Designator=J2 Old Footprint=FP-B6P-VH_LF_SN-MFG New Footprint=FP-641831-1-MFG
Change Component Footprint: Designator=J3 Old Footprint=FP-B6P-VH_LF_SN-MFG New Footprint=FP-641831-1-MFG
Change Component Footprint: Designator=J? Old Footprint=FP-S10B-PH-K-S_LF_SN-MFG New Footprint=FP-B11B-PH-K-S_LF_SN-MFG
Change Component Comment : Designator=J2 Old Comment=B6P-VH(LF)(SN) New Comment=641831-1
Change Component Comment : Designator=J3 Old Comment=B6P-VH(LF)(SN) New Comment=641831-1
Change Component Comment : Designator=J? Old Comment=S10B-PH-K-S(LF)(SN) New Comment=B11B-PH-K-S(LF)(SN)
Change Managed Component Library Link : Designator=J2 Old VaultGUID=B7D15EC3-160A-466F-A46C-7801FE6295A7 New VaultGUID=B7D15EC3-160A-466F-A46C-7801FE6295A7 Old ItemGUID=D4DF7A04-2F1A-4E6F-91AF-6D4CA099649B New ItemGUID=92E0603A-477A-4F93-9CFC-C0547998489F Old RevisionGUID=B65AB1AC-E1ED-4D9F-92BA-AB5495A66AFB New RevisionGUID=DEDEBC4A-E23A-4931-A614-A12302D24B91
Change Managed Component Library Link : Designator=J3 Old VaultGUID=B7D15EC3-160A-466F-A46C-7801FE6295A7 New VaultGUID=B7D15EC3-160A-466F-A46C-7801FE6295A7 Old ItemGUID=D4DF7A04-2F1A-4E6F-91AF-6D4CA099649B New ItemGUID=92E0603A-477A-4F93-9CFC-C0547998489F Old RevisionGUID=B65AB1AC-E1ED-4D9F-92BA-AB5495A66AFB New RevisionGUID=DEDEBC4A-E23A-4931-A614-A12302D24B91
Change Managed Component Library Link : Designator=J? Old VaultGUID=B7D15EC3-160A-466F-A46C-7801FE6295A7 New VaultGUID=B7D15EC3-160A-466F-A46C-7801FE6295A7 Old ItemGUID=E704704E-AE5E-471C-AE60-89D5E835D563 New ItemGUID=91E9F1A7-4573-4D91-9153-ADD40366817D Old RevisionGUID=7D47220C-D6E0-4AE4-A6F7-1CDBD39EF0BD New RevisionGUID=38754B15-7679-4E65-ABCA-8C41A2DC178D
Change component parameters: Designator = "J2" ("J2"); Footprint = "FP-B6P-VH_LF_SN-MFG"; UniqueID = "\TUBESKQP" ("\TUBESKQP")
Change component parameters (AddParameter): Name = "Automotive"; Value = "No"; VariantName = "[No Variations]"
Change component parameters (AddParameter): Name = "Category"; Value = "Conn"; VariantName = "[No Variations]"
Change component parameters (AddParameter): Name = "ComponentLink2Description"; Value = "Datasheet"; VariantName = "[No Variations]"
Change component parameters (AddParameter): Name = "ComponentLink2URL"; Value = "https://www.te.com/usa-en/product-641831-1.html?te_bu=Cor&te_type=other&te_campaign=oct_glo_cor-oct-global-oth-prtnr-fy19-oct-octo-buy-bom_sma-298_2&elqCampaignId=35216"; VariantName = "[No Variations]"
Change component parameters (AddParameter): Name = "Conn Gender"; Value = "Male"; VariantName = "[No Variations]"
Change component parameters (AddParameter): Name = "Conn Orientation"; Value = "Vertical"; VariantName = "[No Variations]"
Change component parameters (AddParameter): Name = "Contact Material"; Value = "Gold,Nickel"; VariantName = "[No Variations]"
Change component parameters (AddParameter): Name = "Current Rating"; Value = "19A"; VariantName = "[No Variations]"
Change component parameters (AddParameter): Name = "Device Class L1"; Value = "Connectors"; VariantName = "[No Variations]"
Change component parameters (AddParameter): Name = "Device Class L2"; Value = "Headers and Wire Housings"; VariantName = "[No Variations]"
Change component parameters (AddParameter): Name = "Device Class L3"; Value = "unset"; VariantName = "[No Variations]"
Change component parameters (AddParameter): Name = "Digikey Description"; Value = "CONN HEADER VERT 6POS 6.35MM"; VariantName = "[No Variations]"
Change component parameters (AddParameter): Name = "Height"; Value = "14.99mm"; VariantName = "[No Variations]"
Change component parameters (AddParameter): Name = "Lead Free"; Value = "Yes"; VariantName = "[No Variations]"
Change component parameters (AddParameter): Name = "Manufacturer"; Value = "TE"; VariantName = "[No Variations]"
Change component parameters (AddParameter): Name = "Manufacturer Part Number"; Value = "641831-1"; VariantName = "[No Variations]"
Change component parameters (AddParameter): Name = "Mouser Description"; Value = "Pin & Socket Connectors 6P PIN HDR ASSY"; VariantName = "[No Variations]"
Change component parameters (AddParameter): Name = "Number Of Contacts"; Value = "6"; VariantName = "[No Variations]"
Change component parameters (AddParameter): Name = "Number Of Rows"; Value = "1"; VariantName = "[No Variations]"
Change component parameters (AddParameter): Name = "Octopart"; Value = "https://octopart.com/641831-1-te+connectivity-40465174"; VariantName = "[No Variations]"
Change component parameters (AddParameter): Name = "Package"; Value = "641831-1"; VariantName = "[No Variations]"
Change component parameters (AddParameter): Name = "Pitch"; Value = "6.35mm"; VariantName = "[No Variations]"
Change component parameters (AddParameter): Name = "RoHS"; Value = "TRUE"; VariantName = "[No Variations]"
Change component parameters (AddParameter): Name = "Standoff Height"; Value = "0.63mm"; VariantName = "[No Variations]"
Change component parameters (AddParameter): Name = "Temperature"; Value = "-55°C to +105°C"; VariantName = "[No Variations]"
Change component parameters (AddParameter): Name = "Temperature Range High"; Value = "+105°C"; VariantName = "[No Variations]"
Change component parameters (AddParameter): Name = "Temperature Range Low"; Value = "-55°C"; VariantName = "[No Variations]"
Change component parameters (AddParameter): Name = "Voltage Rating"; Value = "600V"; VariantName = "[No Variations]"
Change component parameters: Designator = "J3" ("J3"); Footprint = "FP-B6P-VH_LF_SN-MFG"; UniqueID = "\IAZEENIS" ("\IAZEENIS")
Change component parameters (AddParameter): Name = "Automotive"; Value = "No"; VariantName = "[No Variations]"
Change component parameters (AddParameter): Name = "Category"; Value = "Conn"; VariantName = "[No Variations]"
Change component parameters (AddParameter): Name = "ComponentLink2Description"; Value = "Datasheet"; VariantName = "[No Variations]"
Change component parameters (AddParameter): Name = "ComponentLink2URL"; Value = "https://www.te.com/usa-en/product-641831-1.html?te_bu=Cor&te_type=other&te_campaign=oct_glo_cor-oct-global-oth-prtnr-fy19-oct-octo-buy-bom_sma-298_2&elqCampaignId=35216"; VariantName = "[No Variations]"
Change component parameters (AddParameter): Name = "Conn Gender"; Value = "Male"; VariantName = "[No Variations]"
Change component parameters (AddParameter): Name = "Conn Orientation"; Value = "Vertical"; VariantName = "[No Variations]"
Change component parameters (AddParameter): Name = "Contact Material"; Value = "Gold,Nickel"; VariantName = "[No Variations]"
Change component parameters (AddParameter): Name = "Current Rating"; Value = "19A"; VariantName = "[No Variations]"
Change component parameters (AddParameter): Name = "Device Class L1"; Value = "Connectors"; VariantName = "[No Variations]"
Change component parameters (AddParameter): Name = "Device Class L2"; Value = "Headers and Wire Housings"; VariantName = "[No Variations]"
Change component parameters (AddParameter): Name = "Device Class L3"; Value = "unset"; VariantName = "[No Variations]"
Change component parameters (AddParameter): Name = "Digikey Description"; Value = "CONN HEADER VERT 6POS 6.35MM"; VariantName = "[No Variations]"
Change component parameters (AddParameter): Name = "Height"; Value = "14.99mm"; VariantName = "[No Variations]"
Change component parameters (AddParameter): Name = "Lead Free"; Value = "Yes"; VariantName = "[No Variations]"
Change component parameters (AddParameter): Name = "Manufacturer"; Value = "TE"; VariantName = "[No Variations]"
Change component parameters (AddParameter): Name = "Manufacturer Part Number"; Value = "641831-1"; VariantName = "[No Variations]"
Change component parameters (AddParameter): Name = "Mouser Description"; Value = "Pin & Socket Connectors 6P PIN HDR ASSY"; VariantName = "[No Variations]"
Change component parameters (AddParameter): Name = "Number Of Contacts"; Value = "6"; VariantName = "[No Variations]"
Change component parameters (AddParameter): Name = "Number Of Rows"; Value = "1"; VariantName = "[No Variations]"
Change component parameters (AddParameter): Name = "Octopart"; Value = "https://octopart.com/641831-1-te+connectivity-40465174"; VariantName = "[No Variations]"
Change component parameters (AddParameter): Name = "Package"; Value = "641831-1"; VariantName = "[No Variations]"
Change component parameters (AddParameter): Name = "Pitch"; Value = "6.35mm"; VariantName = "[No Variations]"
Change component parameters (AddParameter): Name = "RoHS"; Value = "TRUE"; VariantName = "[No Variations]"
Change component parameters (AddParameter): Name = "Standoff Height"; Value = "0.63mm"; VariantName = "[No Variations]"
Change component parameters (AddParameter): Name = "Temperature"; Value = "-55°C to +105°C"; VariantName = "[No Variations]"
Change component parameters (AddParameter): Name = "Temperature Range High"; Value = "+105°C"; VariantName = "[No Variations]"
Change component parameters (AddParameter): Name = "Temperature Range Low"; Value = "-55°C"; VariantName = "[No Variations]"
Change component parameters (AddParameter): Name = "Voltage Rating"; Value = "600V"; VariantName = "[No Variations]"
Change component parameters: Designator = "J?" ("J?"); Footprint = "FP-S10B-PH-K-S_LF_SN-MFG"; UniqueID = "\QLSWOGWK" ("\QLSWOGWK")
Change component parameters (AddParameter): Name = "Color"; Value = "Natural"; VariantName = "[No Variations]"
Change component parameters (AddParameter): Name = "Connector Type"; Value = "Header"; VariantName = "[No Variations]"
Change component parameters (AddParameter): Name = "Contact Finish - Mating"; Value = "TIN"; VariantName = "[No Variations]"
Change component parameters (AddParameter): Name = "Contact Material"; Value = "Brass"; VariantName = "[No Variations]"
Change component parameters (AddParameter): Name = "Contact Mating Length"; Value = "0.13inch"; VariantName = "[No Variations]"
Change component parameters (AddParameter): Name = "Contact Plating"; Value = "Tin"; VariantName = "[No Variations]"
Change component parameters (AddParameter): Name = "Contact Resistance"; Value = "10mR"; VariantName = "[No Variations]"
Change component parameters (AddParameter): Name = "Contact Shape"; Value = "Square"; VariantName = "[No Variations]"
Change component parameters (AddParameter): Name = "Contact Type"; Value = "Male Pin"; VariantName = "[No Variations]"
Change component parameters (AddParameter): Name = "Current Rating"; Value = "2A"; VariantName = "[No Variations]"
Change component parameters (AddParameter): Name = "Fastening Type"; Value = "Detent"; VariantName = "[No Variations]"
Change component parameters (AddParameter): Name = "Flammability Rating"; Value = "UL94 V-0"; VariantName = "[No Variations]"
Change component parameters (AddParameter): Name = "Gender"; Value = "Male"; VariantName = "[No Variations]"
Change component parameters (AddParameter): Name = "Height"; Value = "9.4mm"; VariantName = "[No Variations]"
Change component parameters (AddParameter): Name = "Housing Color"; Value = "Natural"; VariantName = "[No Variations]"
Change component parameters (AddParameter): Name = "Insulation Color"; Value = "Natural"; VariantName = "[No Variations]"
Change component parameters (AddParameter): Name = "Insulation Material"; Value = "Nylon"; VariantName = "[No Variations]"
Change component parameters (AddParameter): Name = "Insulation Resistance"; Value = "1MR"; VariantName = "[No Variations]"
Change component parameters (AddParameter): Name = "Lead Free"; Value = "Lead Free"; VariantName = "[No Variations]"
Change component parameters (AddParameter): Name = "Lead Pitch"; Value = "2mm"; VariantName = "[No Variations]"
Change component parameters (AddParameter): Name = "Length"; Value = "23.9mm"; VariantName = "[No Variations]"
Change component parameters (AddParameter): Name = "Mated Stacking Heights"; Value = "8mm"; VariantName = "[No Variations]"
Change component parameters (AddParameter): Name = "Mount"; Value = "Through Hole"; VariantName = "[No Variations]"
Change component parameters (AddParameter): Name = "Number of Contacts"; Value = "11"; VariantName = "[No Variations]"
Change component parameters (AddParameter): Name = "Number of Poles"; Value = "11"; VariantName = "[No Variations]"
Change component parameters (AddParameter): Name = "Number of Positions"; Value = "11"; VariantName = "[No Variations]"
Change component parameters (AddParameter): Name = "Number of Rows"; Value = "1"; VariantName = "[No Variations]"
Change component parameters (AddParameter): Name = "Packaging"; Value = "Bulk"; VariantName = "[No Variations]"
Change component parameters (AddParameter): Name = "Pitch"; Value = "2mm"; VariantName = "[No Variations]"
Change component parameters (AddParameter): Name = "Reach SVHC Compliant"; Value = "Yes"; VariantName = "[No Variations]"
Change component parameters (AddParameter): Name = "Series"; Value = "PH"; VariantName = "[No Variations]"
Change component parameters (AddParameter): Name = "Termination"; Value = "Press-Fit"; VariantName = "[No Variations]"
Change component parameters (AddParameter): Name = "Voltage Rating"; Value = "100V"; VariantName = "[No Variations]"
Change component parameters (AddParameter): Name = "Voltage Rating (AC)"; Value = "100V"; VariantName = "[No Variations]"
Change component parameters (AddParameter): Name = "Width"; Value = "4.5mm"; VariantName = "[No Variations]"
Change component parameters (AddParameter): Name = "Working Voltage"; Value = "100V"; VariantName = "[No Variations]"
